c:\users\colin\documents\visual studio 2015\projects\timebreakers\debug\timebreakers.pch
c:\users\colin\documents\visual studio 2015\projects\timebreakers\debug\vc140.pdb
c:\users\colin\documents\visual studio 2015\projects\timebreakers\debug\vc140.idb
c:\users\colin\documents\visual studio 2015\projects\timebreakers\debug\stdafx.obj
c:\users\colin\documents\visual studio 2015\projects\timebreakers\debug\commands.obj
c:\users\colin\documents\visual studio 2015\projects\timebreakers\debug\description_reader.obj
c:\users\colin\documents\visual studio 2015\projects\timebreakers\debug\inputreader.obj
c:\users\colin\documents\visual studio 2015\projects\timebreakers\debug\inventory.obj
c:\users\colin\documents\visual studio 2015\projects\timebreakers\debug\item.obj
c:\users\colin\documents\visual studio 2015\projects\timebreakers\debug\location.obj
c:\users\colin\documents\visual studio 2015\projects\timebreakers\debug\locations_reader.obj
c:\users\colin\documents\visual studio 2015\projects\timebreakers\debug\maingamefunc.obj
c:\users\colin\documents\visual studio 2015\projects\timebreakers\debug\music.obj
c:\users\colin\documents\visual studio 2015\projects\timebreakers\debug\npc.obj
c:\users\colin\documents\visual studio 2015\projects\timebreakers\debug\timebreakers.obj
c:\users\colin\documents\visual studio 2015\projects\timebreakers\debug\timeship.obj
c:\users\colin\desktop\2dae4_colin_cooreman_text_based_game\debug\timebreakers.pch
c:\users\colin\desktop\2dae4_colin_cooreman_text_based_game\debug\vc140.pdb
c:\users\colin\desktop\2dae4_colin_cooreman_text_based_game\debug\vc140.idb
c:\users\colin\desktop\2dae4_colin_cooreman_text_based_game\debug\stdafx.obj
c:\users\colin\desktop\2dae4_colin_cooreman_text_based_game\debug\commands.obj
c:\users\colin\desktop\2dae4_colin_cooreman_text_based_game\debug\description_reader.obj
c:\users\colin\desktop\2dae4_colin_cooreman_text_based_game\debug\inputreader.obj
c:\users\colin\desktop\2dae4_colin_cooreman_text_based_game\debug\inventory.obj
c:\users\colin\desktop\2dae4_colin_cooreman_text_based_game\debug\item.obj
c:\users\colin\desktop\2dae4_colin_cooreman_text_based_game\debug\locations_reader.obj
c:\users\colin\desktop\2dae4_colin_cooreman_text_based_game\debug\maingamefunc.obj
c:\users\colin\desktop\2dae4_colin_cooreman_text_based_game\debug\music.obj
c:\users\colin\desktop\2dae4_colin_cooreman_text_based_game\debug\npc.obj
c:\users\colin\desktop\2dae4_colin_cooreman_text_based_game\debug\timebreakers.obj
c:\users\colin\desktop\2dae4_colin_cooreman_text_based_game\debug\timeship.obj
c:\users\colin\desktop\2dae4_colin_cooreman_text_based_game\debug\location.obj
c:\users\colin\desktop\2dae4_colin_cooreman_text_based_game\debug\npcreader.obj
c:\users\colin\desktop\timebreakers\debug\timebreakers.pch
c:\users\colin\desktop\timebreakers\debug\vc140.pdb
c:\users\colin\desktop\timebreakers\debug\vc140.idb
c:\users\colin\desktop\timebreakers\debug\stdafx.obj
c:\users\colin\desktop\timebreakers\debug\commands.obj
c:\users\colin\desktop\timebreakers\debug\description_reader.obj
c:\users\colin\desktop\timebreakers\debug\inputreader.obj
c:\users\colin\desktop\timebreakers\debug\inventory.obj
c:\users\colin\desktop\timebreakers\debug\item.obj
c:\users\colin\desktop\timebreakers\debug\location.obj
c:\users\colin\desktop\timebreakers\debug\locations_reader.obj
c:\users\colin\desktop\timebreakers\debug\maingamefunc.obj
c:\users\colin\desktop\timebreakers\debug\music.obj
c:\users\colin\desktop\timebreakers\debug\npc.obj
c:\users\colin\desktop\timebreakers\debug\npcreader.obj
c:\users\colin\desktop\timebreakers\debug\timebreakers.obj
c:\users\colin\desktop\timebreakers\debug\timeship.obj
c:\users\colin\documents\visual studio 2015\projects\timebreakers\debug\timebreakers.ilk
c:\users\colin\documents\visual studio 2015\projects\timebreakers\debug\timebreakers.exe
c:\users\colin\documents\visual studio 2015\projects\timebreakers\debug\timebreakers.pdb
c:\users\colin\desktop\2dae4_colin_cooreman_text_based_game\debug\timebreakers.ilk
c:\users\colin\desktop\2dae4_colin_cooreman_text_based_game\debug\timebreakers.exe
c:\users\colin\desktop\2dae4_colin_cooreman_text_based_game\debug\timebreakers.pdb
c:\users\colin\desktop\timebreakers\debug\timebreakers.ilk
c:\users\colin\desktop\timebreakers\debug\timebreakers.exe
c:\users\colin\desktop\timebreakers\debug\timebreakers.pdb
c:\users\colin\documents\visual studio 2015\projects\timebreakers\debug\npcreader.obj
c:\users\colin\documents\visual studio 2015\projects\timebreakers\debug\timebreakers.tlog\cl.command.1.tlog
c:\users\colin\documents\visual studio 2015\projects\timebreakers\debug\timebreakers.tlog\cl.read.1.tlog
c:\users\colin\documents\visual studio 2015\projects\timebreakers\debug\timebreakers.tlog\cl.write.1.tlog
c:\users\colin\documents\visual studio 2015\projects\timebreakers\debug\timebreakers.tlog\link.command.1.tlog
c:\users\colin\documents\visual studio 2015\projects\timebreakers\debug\timebreakers.tlog\link.read.1.tlog
c:\users\colin\documents\visual studio 2015\projects\timebreakers\debug\timebreakers.tlog\link.write.1.tlog
